1616662502992	geckodriver	INFO	Listening on 127.0.0.1:64610
1616662503082	mozrunner::runner	INFO	Running command: "/Applications/Firefox.app/Contents/MacOS/firefox-bin" "--marionette" "-foreground" "-no-remote" "-profile" "/var/folders/db/zrf0klpj0gj_r89g8rybz24w0000gp/T/rust_mozprofileOlWdiV"
console.warn: SearchSettings: "get: No settings file exists, new profile?" (new Error("", "(unknown module)"))
1616662508421	Marionette	INFO	Listening on port 64622
1616662508465	Marionette	WARN	TLS certificate errors will be ignored for this session
JavaScript error: http://selenium1py.pythonanywhere.com/ru/, line 374: ReferenceError: oscar is not defined
1616662521433	Marionette	INFO	Stopped listening on port 64622
1616662778545	geckodriver	INFO	Listening on 127.0.0.1:64727
1616662779558	mozrunner::runner	INFO	Running command: "/Applications/Firefox.app/Contents/MacOS/firefox-bin" "--marionette" "-foreground" "-no-remote" "-profile" "/var/folders/db/zrf0klpj0gj_r89g8rybz24w0000gp/T/rust_mozprofileri2caD"
console.warn: SearchSettings: "get: No settings file exists, new profile?" (new Error("", "(unknown module)"))
1616662783709	Marionette	INFO	Listening on port 64738
1616662783750	Marionette	WARN	TLS certificate errors will be ignored for this session
JavaScript error: http://selenium1py.pythonanywhere.com/ru/, line 374: ReferenceError: oscar is not defined
1616662796305	Marionette	INFO	Stopped listening on port 64738
1616662813772	geckodriver	INFO	Listening on 127.0.0.1:64808
1616662813786	mozrunner::runner	INFO	Running command: "/Applications/Firefox.app/Contents/MacOS/firefox-bin" "--marionette" "-foreground" "-no-remote" "-profile" "/var/folders/db/zrf0klpj0gj_r89g8rybz24w0000gp/T/rust_mozprofileHuRSIo"
console.warn: SearchSettings: "get: No settings file exists, new profile?" (new Error("", "(unknown module)"))
1616662818098	Marionette	INFO	Listening on port 64817
1616662818201	Marionette	WARN	TLS certificate errors will be ignored for this session
JavaScript error: http://selenium1py.pythonanywhere.com/ru/, line 374: ReferenceError: oscar is not defined
1616662830997	Marionette	INFO	Stopped listening on port 64817
1616670813606	geckodriver	INFO	Listening on 127.0.0.1:50335
1616670814626	mozrunner::runner	INFO	Running command: "/Applications/Firefox.app/Contents/MacOS/firefox-bin" "--marionette" "-foreground" "-no-remote" "-profile" "/var/folders/db/zrf0klpj0gj_r89g8rybz24w0000gp/T/rust_mozprofileBdq8NB"
console.warn: SearchSettings: "get: No settings file exists, new profile?" (new Error("", "(unknown module)"))
1616670819529	Marionette	INFO	Listening on port 50346
1616670819658	Marionette	WARN	TLS certificate errors will be ignored for this session
JavaScript error: http://selenium1py.pythonanywhere.com/es/, line 374: ReferenceError: oscar is not defined
1616670832382	Marionette	INFO	Stopped listening on port 50346
1616671097504	geckodriver	INFO	Listening on 127.0.0.1:50429
1616671097533	mozrunner::runner	INFO	Running command: "/Applications/Firefox.app/Contents/MacOS/firefox-bin" "--marionette" "-foreground" "-no-remote" "-profile" "/var/folders/db/zrf0klpj0gj_r89g8rybz24w0000gp/T/rust_mozprofileVUVDqi"
console.warn: SearchSettings: "get: No settings file exists, new profile?" (new Error("", "(unknown module)"))
1616671102732	Marionette	INFO	Listening on port 50438
1616671102796	Marionette	WARN	TLS certificate errors will be ignored for this session
JavaScript error: http://selenium1py.pythonanywhere.com/es/, line 374: ReferenceError: oscar is not defined
1616671115109	Marionette	INFO	Stopped listening on port 50438
1616672260999	geckodriver	INFO	Listening on 127.0.0.1:52439
1616672262011	mozrunner::runner	INFO	Running command: "/Applications/Firefox.app/Contents/MacOS/firefox-bin" "--marionette" "-foreground" "-no-remote" "-profile" "/var/folders/db/zrf0klpj0gj_r89g8rybz24w0000gp/T/rust_mozprofileAQoBIT"
console.warn: SearchSettings: "get: No settings file exists, new profile?" (new Error("", "(unknown module)"))
1616672266339	Marionette	INFO	Listening on port 52454
1616672266412	Marionette	WARN	TLS certificate errors will be ignored for this session
JavaScript error: http://selenium1py.pythonanywhere.com/es/catalogue/coders-at-work_207/, line 614: ReferenceError: oscar is not defined
JavaScript error: http://selenium1py.pythonanywhere.com/es/catalogue/coders-at-work_207/, line 715: ReferenceError: oscar is not defined
1616672280194	Marionette	INFO	Stopped listening on port 52454
1616672357674	geckodriver	INFO	Listening on 127.0.0.1:52915
1616672358695	mozrunner::runner	INFO	Running command: "/Applications/Firefox.app/Contents/MacOS/firefox-bin" "--marionette" "-foreground" "-no-remote" "-profile" "/var/folders/db/zrf0klpj0gj_r89g8rybz24w0000gp/T/rust_mozprofileuyJ72P"
console.warn: SearchSettings: "get: No settings file exists, new profile?" (new Error("", "(unknown module)"))
1616672363139	Marionette	INFO	Listening on port 52930
1616672363256	Marionette	WARN	TLS certificate errors will be ignored for this session
JavaScript error: http://selenium1py.pythonanywhere.com/es/catalogue/coders-at-work_207/, line 614: ReferenceError: oscar is not defined
JavaScript error: http://selenium1py.pythonanywhere.com/es/catalogue/coders-at-work_207/, line 715: ReferenceError: oscar is not defined
1616672378793	Marionette	INFO	Stopped listening on port 52930
1616672438079	geckodriver	INFO	Listening on 127.0.0.1:53324
1616672438104	mozrunner::runner	INFO	Running command: "/Applications/Firefox.app/Contents/MacOS/firefox-bin" "--marionette" "-foreground" "-no-remote" "-profile" "/var/folders/db/zrf0klpj0gj_r89g8rybz24w0000gp/T/rust_mozprofile2GWb6B"
console.warn: SearchSettings: "get: No settings file exists, new profile?" (new Error("", "(unknown module)"))
1616672442261	Marionette	INFO	Listening on port 53333
1616672442318	Marionette	WARN	TLS certificate errors will be ignored for this session
JavaScript error: http://selenium1py.pythonanywhere.com/es/catalogue/coders-at-work_207/, line 614: ReferenceError: oscar is not defined
JavaScript error: http://selenium1py.pythonanywhere.com/es/catalogue/coders-at-work_207/, line 715: ReferenceError: oscar is not defined
1616672456267	Marionette	INFO	Stopped listening on port 53333
